<?xml version="1.0" encoding="UTF-8"?>
<testsuite xmlns:xsi="http://www.w3.org/2001/XMLSchema-instance" xsi:noNamespaceSchemaLocation="https://maven.apache.org/surefire/maven-surefire-plugin/xsd/surefire-test-report-3.0.xsd" version="3.0" name="bufferAcotado.RunCucumberTest" time="0.179" tests="6" errors="0" skipped="0" failures="0">
  <properties>
[...]
</properties>
  <testcase name="Cero capacity" classname="Capacity" time="0.059">
    <system-out><![CDATA[
Scenario: Cero capacity                                &amp#27;[90m# bufferAcotado/capacidadNegativa.feature:4&amp#27;[0m
  &amp#27;[32mGiven &amp#27;[0m&amp#27;[32mI create a buffer with capacity cero&amp#27;[0m           &amp#27;[90m# bufferAcotado.StepDefinitions.i_create_a_buffer_with_capacity_cero()&amp#27;[0m
  &amp#27;[32mThen &amp#27;[0m&amp#27;[32moutput should throw an IllegalArgumentException&amp#27;[0m &amp#27;[90m# bufferAcotado.StepDefinitions.output_should_throw_an_illegal_argument_exception()&amp#27;[0m
]]></system-out>
  </testcase>
  <testcase name="Negative capacity" classname="Capacity" time="0.006">
    <system-out><![CDATA[
Scenario: Negative capacity                                 &amp#27;[90m# bufferAcotado/capacidadNegativa.feature:8&amp#27;[0m
  &amp#27;[32mGiven &amp#27;[0m&amp#27;[32mI create a buffer with a negative capacity&amp#27;[0m          &amp#27;[90m# bufferAcotado.StepDefinitions.i_create_a_buffer_with_a_negative_capacity()&amp#27;[0m
  &amp#27;[32mThen &amp#27;[0m&amp#27;[32moutput should throw another IllegalArgumentException&amp#27;[0m &amp#27;[90m# bufferAcotado.StepDefinitions.output_should_throw_another_illegal_argument_exception()&amp#27;[0m
]]></system-out>
  </testcase>
  <testcase name="Check if the buffer is Empty" classname="IsEmpty" time="0.009">
    <system-out><![CDATA[
Scenario: Check if the buffer is Empty        &amp#27;[90m# bufferAcotado/isEmpty.feature:4&amp#27;[0m
  &amp#27;[32mGiven &amp#27;[0m&amp#27;[32mI create a buffer with capacity two&amp#27;[0m   &amp#27;[90m# bufferAcotado.StepDefinitions.i_create_a_buffer_with_capacity_two()&amp#27;[0m
  &amp#27;[32mWhen &amp#27;[0m&amp#27;[32mI put &amp#27;[0m&amp#27;[32m&amp#27;[1m1&amp#27;[0m&amp#27;[32m in the buffer&amp#27;[0m                  &amp#27;[90m# bufferAcotado.StepDefinitions.i_put_in_the_buffer(java.lang.Integer)&amp#27;[0m
  &amp#27;[32mThen &amp#27;[0m&amp#27;[32moutput of the buffer should be &amp#27;[0m&amp#27;[32m&amp#27;[1m"false"&amp#27;[0m &amp#27;[90m# bufferAcotado.StepDefinitions.output_of_the_buffer_should_be(java.lang.String)&amp#27;[0m
]]></system-out>
  </testcase>
  <testcase name="Check if the new buffer is Empty" classname="IsEmpty" time="0.006">
    <system-out><![CDATA[
Scenario: Check if the new buffer is Empty       &amp#27;[90m# bufferAcotado/isEmpty.feature:10&amp#27;[0m
  &amp#27;[32mGiven &amp#27;[0m&amp#27;[32mI create a buffer with capacity three&amp#27;[0m    &amp#27;[90m# bufferAcotado.StepDefinitions.i_create_a_buffer_with_capacity_three()&amp#27;[0m
  &amp#27;[32mWhen &amp#27;[0m&amp#27;[32mI put &amp#27;[0m&amp#27;[32m&amp#27;[1m2&amp#27;[0m&amp#27;[32m in the new buffer&amp#27;[0m                 &amp#27;[90m# bufferAcotado.StepDefinitions.i_put_in_the_new_buffer(java.lang.Integer)&amp#27;[0m
  &amp#27;[32mWhen &amp#27;[0m&amp#27;[32mI remove the head of the buffer&amp#27;[0m           &amp#27;[90m# bufferAcotado.StepDefinitions.i_remove_the_head_of_the_buffer()&amp#27;[0m
  &amp#27;[32mThen &amp#27;[0m&amp#27;[32mnew output of the buffer should be &amp#27;[0m&amp#27;[32m&amp#27;[1m"true"&amp#27;[0m &amp#27;[90m# bufferAcotado.StepDefinitions.new_output_of_the_buffer_should_be(java.lang.String)&amp#27;[0m
]]></system-out>
  </testcase>
  <testcase name="Check if the buffer is full" classname="IsFull" time="0.005">
    <system-out><![CDATA[
Scenario: Check if the buffer is full       &amp#27;[90m# bufferAcotado/isFull.feature:4&amp#27;[0m
  &amp#27;[32mGiven &amp#27;[0m&amp#27;[32mI create a buffer with capacity two&amp#27;[0m &amp#27;[90m# bufferAcotado.StepDefinitions.i_create_a_buffer_with_capacity_two()&amp#27;[0m
  &amp#27;[32mWhen &amp#27;[0m&amp#27;[32mI put &amp#27;[0m&amp#27;[32m&amp#27;[1m2&amp#27;[0m&amp#27;[32m and &amp#27;[0m&amp#27;[32m&amp#27;[1m4&amp#27;[0m                        &amp#27;[90m# bufferAcotado.StepDefinitions.i_put_and(java.lang.Integer,java.lang.Integer)&amp#27;[0m
  &amp#27;[32mThen &amp#27;[0m&amp#27;[32moutput should be &amp#27;[0m&amp#27;[32m&amp#27;[1m"true"&amp#27;[0m              &amp#27;[90m# bufferAcotado.StepDefinitions.output_should_be(java.lang.String)&amp#27;[0m
]]></system-out>
  </testcase>
  <testcase name="Check if it is possible to put an element in a full buffer" classname="IsFull" time="0.006">
    <system-out><![CDATA[
Scenario: Check if it is possible to put an element in a full buffer &amp#27;[90m# bufferAcotado/isFull.feature:9&amp#27;[0m
  &amp#27;[32mGiven &amp#27;[0m&amp#27;[32mI create a buffer with capacity two&amp#27;[0m                          &amp#27;[90m# bufferAcotado.StepDefinitions.i_create_a_buffer_with_capacity_two()&amp#27;[0m
  &amp#27;[32mWhen &amp#27;[0m&amp#27;[32mI put &amp#27;[0m&amp#27;[32m&amp#27;[1m2&amp#27;[0m&amp#27;[32m and &amp#27;[0m&amp#27;[32m&amp#27;[1m4&amp#27;[0m                                                 &amp#27;[90m# bufferAcotado.StepDefinitions.i_put_and(java.lang.Integer,java.lang.Integer)&amp#27;[0m
  &amp#27;[32mThen &amp#27;[0m&amp#27;[32moutput of this should throw an exception&amp#27;[0m                      &amp#27;[90m# bufferAcotado.StepDefinitions.output_of_this_should_throw_an_exception()&amp#27;[0m
]]></system-out>
  </testcase>
</testsuite>